<?xml version="1.0" encoding="UTF-8"?>
<!-- Generated by org.testng.reporters.JUnitXMLReporter -->
<testsuite hostname="DESKTOP-NFEO7DE" ignored="0" name="Test" tests="1" failures="1" timestamp="2021-09-23T12:23:29 IST" time="28.018" errors="0">
  <testcase name="loginToApplication" time="0.244" classname="tescases.LoginPageTest">
    <failure type="java.lang.NullPointerException">
      <![CDATA[java.lang.NullPointerException
at pageobjects.LoginPageObjects.loginbtn(LoginPageObjects.java:36)
at tescases.LoginPageTest.loginToApplication(LoginPageTest.java:33)
at java.util.ArrayList.forEach(Unknown Source)
... Removed 27 stack frames]]>
    </failure>
  </testcase> <!-- loginToApplication -->
</testsuite> <!-- Test -->
