<?xml version="1.0" encoding="UTF-8"?>
<!-- Generated by org.testng.reporters.JUnitXMLReporter -->
<testsuite hostname="DESKTOP-NFEO7DE" ignored="0" name="Test" tests="1" failures="0" timestamp="2021-09-22T20:10:03 IST" time="0.09" errors="0">
  <testcase name="@BeforeTest LaunchbrowserLogin" time="0.011" classname="tescases.LoginPageTest">
    <failure type="java.lang.NullPointerException">
      <![CDATA[java.lang.NullPointerException
at resources.BaseClass.browser_initialization(BaseClass.java:26)
at tescases.LoginPageTest.LaunchbrowserLogin(LoginPageTest.java:22)
... Removed 24 stack frames]]>
    </failure>
  </testcase> <!-- @BeforeTest LaunchbrowserLogin -->
  <testcase name="@AfterTest teardoen" time="-1.632321603399E9" classname="tescases.LoginPageTest">
    <skipped/>
  </testcase> <!-- @AfterTest teardoen -->
  <testcase name="loginToApplication" time="0.0" classname="tescases.LoginPageTest">
    <skipped/>
  </testcase> <!-- loginToApplication -->
</testsuite> <!-- Test -->
