<?xml version="1.0" encoding="UTF-8"?>
<testng-results skipped="0" failed="0" ignored="0" total="1" passed="1">
  <reporter-output>
  </reporter-output>
  <suite name="Suite" duration-ms="19380" started-at="2021-09-23T11:59:15 IST" finished-at="2021-09-23T11:59:34 IST">
    <groups>
    </groups>
    <test name="Test" duration-ms="19380" started-at="2021-09-23T11:59:15 IST" finished-at="2021-09-23T11:59:34 IST">
      <class name="tescases.LoginPageTest">
        <test-method status="PASS" signature="LaunchbrowserLogin()[pri:0, instance:tescases.LoginPageTest@587d1d39]" name="LaunchbrowserLogin" is-config="true" duration-ms="8755" started-at="2021-09-23T11:59:15 IST" finished-at="2021-09-23T11:59:24 IST">
          <reporter-output>
          </reporter-output>
        </test-method> <!-- LaunchbrowserLogin -->
        <test-method status="PASS" signature="loginToApplication()[pri:0, instance:tescases.LoginPageTest@587d1d39]" name="loginToApplication" duration-ms="10211" started-at="2021-09-23T11:59:24 IST" finished-at="2021-09-23T11:59:34 IST">
          <reporter-output>
          </reporter-output>
        </test-method> <!-- loginToApplication -->
        <test-method status="PASS" signature="teardoen()[pri:0, instance:tescases.LoginPageTest@587d1d39]" name="teardoen" is-config="true" duration-ms="292" started-at="2021-09-23T11:59:34 IST" finished-at="2021-09-23T11:59:34 IST">
          <reporter-output>
          </reporter-output>
        </test-method> <!-- teardoen -->
      </class> <!-- tescases.LoginPageTest -->
    </test> <!-- Test -->
  </suite> <!-- Suite -->
</testng-results>
